<?xml version="1.0" encoding="UTF-8"?>
<testng-results ignored="0" total="2" passed="2" failed="0" skipped="0">
  <reporter-output>
  </reporter-output>
  <suite started-at="2024-02-04T17:01:42 IST" name="Suite" finished-at="2024-02-04T17:02:27 IST" duration-ms="45330">
    <groups>
    </groups>
    <test started-at="2024-02-04T17:01:42 IST" name="Test" finished-at="2024-02-04T17:02:27 IST" duration-ms="45330">
      <class name="SimpleLogin">
        <test-method signature="forgettonPassword()[pri:0, instance:SimpleLogin@2ef3eef9]" started-at="2024-02-04T17:01:42 IST" name="forgettonPassword" finished-at="2024-02-04T17:02:15 IST" duration-ms="32980" status="PASS">
          <reporter-output>
          </reporter-output>
        </test-method> <!-- forgettonPassword -->
        <test-method signature="loginFb()[pri:0, instance:SimpleLogin@2ef3eef9]" started-at="2024-02-04T17:02:15 IST" name="loginFb" finished-at="2024-02-04T17:02:27 IST" duration-ms="12076" status="PASS">
          <reporter-output>
          </reporter-output>
        </test-method> <!-- loginFb -->
      </class> <!-- SimpleLogin -->
    </test> <!-- Test -->
  </suite> <!-- Suite -->
</testng-results>
