<?xml version="1.0" encoding="UTF-8"?>
<testng-results ignored="0" total="1" passed="1" failed="0" skipped="0">
  <reporter-output>
  </reporter-output>
  <suite started-at="2024-02-06T22:23:55 IST" name="Default suite" finished-at="2024-02-06T22:23:55 IST" duration-ms="290">
    <groups>
    </groups>
    <test started-at="2024-02-06T22:23:55 IST" name="Default test" finished-at="2024-02-06T22:23:55 IST" duration-ms="290">
      <class name="EditClass">
        <test-method signature="edited()[pri:0, instance:EditClass@4c371370]" started-at="2024-02-06T22:23:55 IST" name="edited" finished-at="2024-02-06T22:23:55 IST" duration-ms="50" status="PASS">
          <reporter-output>
          </reporter-output>
        </test-method> <!-- edited -->
      </class> <!-- EditClass -->
    </test> <!-- Default test -->
  </suite> <!-- Default suite -->
</testng-results>
