<?xml version="1.0" encoding="UTF-8"?>
<testng-results ignored="0" total="2" passed="2" failed="0" skipped="0">
  <reporter-output>
  </reporter-output>
  <suite started-at="2024-02-02T15:57:10 IST" name="Suite" finished-at="2024-02-02T15:57:38 IST" duration-ms="27859">
    <groups>
    </groups>
    <test started-at="2024-02-02T15:57:10 IST" name="Test" finished-at="2024-02-02T15:57:38 IST" duration-ms="27859">
      <class name="SimpleLogin">
        <test-method signature="loginFb()[pri:0, instance:SimpleLogin@6f1de4c7]" started-at="2024-02-02T15:57:10 IST" name="loginFb" finished-at="2024-02-02T15:57:24 IST" duration-ms="14110" status="PASS">
          <reporter-output>
          </reporter-output>
        </test-method> <!-- loginFb -->
        <test-method signature="forgettonPassword()[pri:0, instance:SimpleLogin@6f1de4c7]" started-at="2024-02-02T15:57:24 IST" name="forgettonPassword" finished-at="2024-02-02T15:57:38 IST" duration-ms="13577" status="PASS">
          <reporter-output>
          </reporter-output>
        </test-method> <!-- forgettonPassword -->
      </class> <!-- SimpleLogin -->
    </test> <!-- Test -->
  </suite> <!-- Suite -->
</testng-results>
